<?xml version="1.0" encoding="UTF-8"?>
<testsuite xmlns:xsi="http://www.w3.org/2001/XMLSchema-instance" xsi:noNamespaceSchemaLocation="https://maven.apache.org/surefire/maven-surefire-plugin/xsd/surefire-test-report.xsd" version="3.0.2" name="ru.smirnov.testtask.TestTaskApplicationTests" time="2.576" tests="1" errors="0" skipped="0" failures="0">
  <properties>
[...]
</properties>
  <testcase name="contextLoads" classname="ru.smirnov.testtask.TestTaskApplicationTests" time="0.899">
    <system-out><![CDATA[17:17:04.055 [main] INFO org.springframework.test.context.support.AnnotationConfigContextLoaderUtils -- Could not detect default configuration classes for test class [ru.smirnov.testtask.TestTaskApplicationTests]: TestTaskApplicationTests does not declare any static, non-private, non-final, nested classes annotated with @Configuration.
17:17:04.188 [main] INFO org.springframework.boot.test.context.SpringBootTestContextBootstrapper -- Found @SpringBootConfiguration ru.smirnov.testtask.TestTaskApplication for test class ru.smirnov.testtask.TestTaskApplicationTests

  .   ____          _            __ _ _
 /\\ / ___'_ __ _ _(_)_ __  __ _ \ \ \ \
( ( )\___ | '_ | '_| | '_ \/ _` | \ \ \ \
 \\/  ___)| |_)| | | | | || (_| |  ) ) ) )
  '  |____| .__|_| |_|_| |_\__, | / / / /
 =========|_|==============|___/=/_/_/_/

 :: Spring Boot ::                (v3.4.5)

2025-04-29T17:17:04.718+07:00  INFO 19780 --- [Test Task] [           main] r.s.testtask.TestTaskApplicationTests    : Starting TestTaskApplicationTests using Java 23.0.2 with PID 19780 (started by ysmir in C:\Users\ysmir\Desktop\testtask)
2025-04-29T17:17:04.720+07:00  INFO 19780 --- [Test Task] [           main] r.s.testtask.TestTaskApplicationTests    : No active profile set, falling back to 1 default profile: "default"
2025-04-29T17:17:05.570+07:00  INFO 19780 --- [Test Task] [           main] r.s.testtask.TestTaskApplicationTests    : Started TestTaskApplicationTests in 1.23 seconds (process running for 2.262)
]]></system-out>
    <system-err><![CDATA[Mockito is currently self-attaching to enable the inline-mock-maker. This will no longer work in future releases of the JDK. Please add Mockito as an agent to your build what is described in Mockito's documentation: https://javadoc.io/doc/org.mockito/mockito-core/latest/org/mockito/Mockito.html#0.3
WARNING: A Java agent has been loaded dynamically (C:\Users\ysmir\.m2\repository\net\bytebuddy\byte-buddy-agent\1.15.11\byte-buddy-agent-1.15.11.jar)
WARNING: If a serviceability tool is in use, please run with -XX:+EnableDynamicAgentLoading to hide this warning
WARNING: If a serviceability tool is not in use, please run with -Djdk.instrument.traceUsage for more information
WARNING: Dynamic loading of agents will be disallowed by default in a future release
]]></system-err>
  </testcase>
</testsuite>